# JRE version: OpenJDK Runtime Environment Microsoft-11367275 (11.0.27+6) (build 11.0.27+6-LTS)
# Java VM: OpenJDK 64-Bit Server VM Microsoft-11367275 (11.0.27+6-LTS, mixed mode, sharing, tiered, compressed oops, g1 gc, windows-amd64)
Heap:
 garbage-first heap   total 260096K, used 76156K [0x0000000703600000, 0x0000000800000000)
  region size 1024K, 66 young (67584K), 9 survivors (9216K)
 Metaspace       used 26303K, capacity 27053K, committed 27184K, reserved 1073152K
  class space    used 2931K, capacity 3189K, committed 3200K, reserved 1048576K
GC Heap History (6 events):
Event: 0.323 GC heap before
{Heap before GC invocations=0 (full 0):
 garbage-first heap   total 260096K, used 23552K [0x0000000703600000, 0x0000000800000000)
  region size 1024K, 24 young (24576K), 0 survivors (0K)
 Metaspace       used 5836K, capacity 7948K, committed 8192K, reserved 1056768K
  class space    used 684K, capacity 932K, committed 1024K, reserved 1048576K
}
Event: 0.325 GC heap after
{Heap after GC invocations=1 (full 0):
 garbage-first heap   total 260096K, used 3504K [0x0000000703600000, 0x0000000800000000)
  region size 1024K, 3 young (3072K), 3 survivors (3072K)
 Metaspace       used 5836K, capacity 7948K, committed 8192K, reserved 1056768K
  class space    used 684K, capacity 932K, committed 1024K, reserved 1048576K
}
Event: 1.610 GC heap before
{Heap before GC invocations=1 (full 0):
 garbage-first heap   total 260096K, used 104880K [0x0000000703600000, 0x0000000800000000)
  region size 1024K, 103 young (105472K), 3 survivors (3072K)
 Metaspace       used 20622K, capacity 21133K, committed 21296K, reserved 1069056K
  class space    used 2434K, capacity 2613K, committed 2688K, reserved 1048576K
}
Event: 1.623 GC heap after
{Heap after GC invocations=2 (full 0):
 garbage-first heap   total 260096K, used 11566K [0x0000000703600000, 0x0000000800000000)
  region size 1024K, 11 young (11264K), 11 survivors (11264K)
 Metaspace       used 20622K, capacity 21133K, committed 21296K, reserved 1069056K
  class space    used 2434K, capacity 2613K, committed 2688K, reserved 1048576K
}
Event: 9.781 GC heap before
{Heap before GC invocations=3 (full 0):
 garbage-first heap   total 260096K, used 116014K [0x0000000703600000, 0x0000000800000000)
  region size 1024K, 113 young (115712K), 11 survivors (11264K)
 Metaspace       used 25107K, capacity 25771K, committed 26032K, reserved 1073152K
  class space    used 2832K, capacity 3061K, committed 3072K, reserved 1048576K
}
Event: 9.798 GC heap after
{Heap after GC invocations=4 (full 0):
 garbage-first heap   total 260096K, used 19836K [0x0000000703600000, 0x0000000800000000)
  region size 1024K, 9 young (9216K), 9 survivors (9216K)
 Metaspace       used 25107K, capacity 25771K, committed 26032K, reserved 1073152K
  class space    used 2832K, capacity 3061K, committed 3072K, reserved 1048576K
}

