# JRE version: OpenJDK Runtime Environment Microsoft-11369865 (17.0.15+6) (build 17.0.15+6-LTS)
# Java VM: OpenJDK 64-Bit Server VM Microsoft-11369865 (17.0.15+6-LTS, mixed mode, sharing, tiered, compressed oops, compressed class ptrs, g1 gc, windows-amd64)
GC Precious Log:
 CPUs: 16 total, 16 available
 Memory: 16165M
 Large Page Support: Disabled
 NUMA Support: Disabled
 Compressed Oops: Enabled (Zero based)
 Heap Region Size: 2M
 Heap Min Capacity: 8M
 Heap Initial Capacity: 254M
 Heap Max Capacity: 4042M
 Pre-touch: Disabled
 Parallel Workers: 13
 Concurrent Workers: 3
 Concurrent Refinement Workers: 13
 Periodic GC: Disabled
Heap:
 garbage-first heap   total 172032K, used 37463K [0x0000000703600000, 0x0000000800000000)
  region size 2048K, 1 young (2048K), 1 survivors (2048K)
 Metaspace       used 61594K, committed 61952K, reserved 1114112K
  class space    used 8401K, committed 8576K, reserved 1048576K
GC Heap History (20 events):
Event: 10.109 GC heap after
{Heap after GC invocations=35 (full 0):
 garbage-first heap   total 241664K, used 33304K [0x0000000703600000, 0x0000000800000000)
  region size 2048K, 6 young (12288K), 6 survivors (12288K)
 Metaspace       used 57213K, committed 57536K, reserved 1114112K
  class space    used 7714K, committed 7872K, reserved 1048576K
}
Event: 10.433 GC heap before
{Heap before GC invocations=35 (full 0):
 garbage-first heap   total 241664K, used 164376K [0x0000000703600000, 0x0000000800000000)
  region size 2048K, 70 young (143360K), 6 survivors (12288K)
 Metaspace       used 57912K, committed 58304K, reserved 1114112K
  class space    used 7799K, committed 8000K, reserved 1048576K
}
Event: 10.438 GC heap after
{Heap after GC invocations=36 (full 0):
 garbage-first heap   total 290816K, used 36078K [0x0000000703600000, 0x0000000800000000)
  region size 2048K, 6 young (12288K), 6 survivors (12288K)
 Metaspace       used 57912K, committed 58304K, reserved 1114112K
  class space    used 7799K, committed 8000K, reserved 1048576K
}
Event: 10.701 GC heap before
{Heap before GC invocations=36 (full 0):
 garbage-first heap   total 290816K, used 197870K [0x0000000703600000, 0x0000000800000000)
  region size 2048K, 85 young (174080K), 6 survivors (12288K)
 Metaspace       used 59198K, committed 59520K, reserved 1114112K
  class space    used 7962K, committed 8128K, reserved 1048576K
}
Event: 10.705 GC heap after
{Heap after GC invocations=37 (full 0):
 garbage-first heap   total 290816K, used 36561K [0x0000000703600000, 0x0000000800000000)
  region size 2048K, 7 young (14336K), 7 survivors (14336K)
 Metaspace       used 59198K, committed 59520K, reserved 1114112K
  class space    used 7962K, committed 8128K, reserved 1048576K
}
Event: 10.960 GC heap before
{Heap before GC invocations=37 (full 0):
 garbage-first heap   total 290816K, used 167633K [0x0000000703600000, 0x0000000800000000)
  region size 2048K, 72 young (147456K), 7 survivors (14336K)
 Metaspace       used 60057K, committed 60416K, reserved 1114112K
  class space    used 8097K, committed 8320K, reserved 1048576K
}
Event: 10.964 GC heap after
{Heap after GC invocations=38 (full 0):
 garbage-first heap   total 290816K, used 36887K [0x0000000703600000, 0x0000000800000000)
  region size 2048K, 6 young (12288K), 6 survivors (12288K)
 Metaspace       used 60057K, committed 60416K, reserved 1114112K
  class space    used 8097K, committed 8320K, reserved 1048576K
}
Event: 11.304 GC heap before
{Heap before GC invocations=39 (full 0):
 garbage-first heap   total 143360K, used 126999K [0x0000000703600000, 0x0000000800000000)
  region size 2048K, 50 young (102400K), 6 survivors (12288K)
 Metaspace       used 60743K, committed 61120K, reserved 1114112K
  class space    used 8204K, committed 8384K, reserved 1048576K
}
Event: 11.310 GC heap after
{Heap after GC invocations=40 (full 0):
 garbage-first heap   total 143360K, used 37192K [0x0000000703600000, 0x0000000800000000)
  region size 2048K, 4 young (8192K), 4 survivors (8192K)
 Metaspace       used 60743K, committed 61120K, reserved 1114112K
  class space    used 8204K, committed 8384K, reserved 1048576K
}
Event: 11.318 GC heap before
{Heap before GC invocations=40 (full 0):
 garbage-first heap   total 143360K, used 39240K [0x0000000703600000, 0x0000000800000000)
  region size 2048K, 5 young (10240K), 4 survivors (8192K)
 Metaspace       used 60767K, committed 61120K, reserved 1114112K
  class space    used 8207K, committed 8384K, reserved 1048576K
}
Event: 11.323 GC heap after
{Heap after GC invocations=41 (full 0):
 garbage-first heap   total 172032K, used 37812K [0x0000000703600000, 0x0000000800000000)
  region size 2048K, 1 young (2048K), 1 survivors (2048K)
 Metaspace       used 60767K, committed 61120K, reserved 1114112K
  class space    used 8207K, committed 8384K, reserved 1048576K
}
Event: 11.494 GC heap before
{Heap before GC invocations=41 (full 0):
 garbage-first heap   total 172032K, used 138164K [0x0000000703600000, 0x0000000800000000)
  region size 2048K, 50 young (102400K), 1 survivors (2048K)
 Metaspace       used 61033K, committed 61376K, reserved 1114112K
  class space    used 8268K, committed 8448K, reserved 1048576K
}
Event: 11.496 GC heap after
{Heap after GC invocations=42 (full 0):
 garbage-first heap   total 172032K, used 37197K [0x0000000703600000, 0x0000000800000000)
  region size 2048K, 1 young (2048K), 1 survivors (2048K)
 Metaspace       used 61033K, committed 61376K, reserved 1114112K
  class space    used 8268K, committed 8448K, reserved 1048576K
}
Event: 11.634 GC heap before
{Heap before GC invocations=42 (full 0):
 garbage-first heap   total 172032K, used 137549K [0x0000000703600000, 0x0000000800000000)
  region size 2048K, 50 young (102400K), 1 survivors (2048K)
 Metaspace       used 61210K, committed 61632K, reserved 1114112K
  class space    used 8310K, committed 8512K, reserved 1048576K
}
Event: 11.636 GC heap after
{Heap after GC invocations=43 (full 0):
 garbage-first heap   total 172032K, used 37405K [0x0000000703600000, 0x0000000800000000)
  region size 2048K, 1 young (2048K), 1 survivors (2048K)
 Metaspace       used 61210K, committed 61632K, reserved 1114112K
  class space    used 8310K, committed 8512K, reserved 1048576K
}
Event: 11.739 GC heap before
{Heap before GC invocations=43 (full 0):
 garbage-first heap   total 172032K, used 137757K [0x0000000703600000, 0x0000000800000000)
  region size 2048K, 50 young (102400K), 1 survivors (2048K)
 Metaspace       used 61351K, committed 61696K, reserved 1114112K
  class space    used 8344K, committed 8512K, reserved 1048576K
}
Event: 11.740 GC heap after
{Heap after GC invocations=44 (full 0):
 garbage-first heap   total 172032K, used 36913K [0x0000000703600000, 0x0000000800000000)
  region size 2048K, 1 young (2048K), 1 survivors (2048K)
 Metaspace       used 61351K, committed 61696K, reserved 1114112K
  class space    used 8344K, committed 8512K, reserved 1048576K
}
Event: 11.833 GC heap before
{Heap before GC invocations=44 (full 0):
 garbage-first heap   total 172032K, used 137265K [0x0000000703600000, 0x0000000800000000)
  region size 2048K, 50 young (102400K), 1 survivors (2048K)
 Metaspace       used 61472K, committed 61888K, reserved 1114112K
  class space    used 8373K, committed 8576K, reserved 1048576K
}
Event: 11.834 GC heap after
{Heap after GC invocations=45 (full 0):
 garbage-first heap   total 172032K, used 37203K [0x0000000703600000, 0x0000000800000000)
  region size 2048K, 1 young (2048K), 1 survivors (2048K)
 Metaspace       used 61472K, committed 61888K, reserved 1114112K
  class space    used 8373K, committed 8576K, reserved 1048576K
}
Event: 11.933 GC heap before
{Heap before GC invocations=45 (full 0):
 garbage-first heap   total 172032K, used 137555K [0x0000000703600000, 0x0000000800000000)
  region size 2048K, 50 young (102400K), 1 survivors (2048K)
 Metaspace       used 61594K, committed 61952K, reserved 1114112K
  class space    used 8401K, committed 8576K, reserved 1048576K
}

