# JRE version: OpenJDK Runtime Environment Microsoft-11369865 (17.0.15+6) (build 17.0.15+6-LTS)
# Java VM: OpenJDK 64-Bit Server VM Microsoft-11369865 (17.0.15+6-LTS, mixed mode, sharing, tiered, compressed oops, compressed class ptrs, g1 gc, windows-amd64)
GC Precious Log:
 CPUs: 16 total, 16 available
 Memory: 16165M
 Large Page Support: Disabled
 NUMA Support: Disabled
 Compressed Oops: Enabled (Zero based)
 Heap Region Size: 2M
 Heap Min Capacity: 8M
 Heap Initial Capacity: 254M
 Heap Max Capacity: 4042M
 Pre-touch: Disabled
 Parallel Workers: 13
 Concurrent Workers: 3
 Concurrent Refinement Workers: 13
 Periodic GC: Disabled
Heap:
 garbage-first heap   total 88064K, used 36311K [0x0000000703600000, 0x0000000800000000)
  region size 2048K, 10 young (20480K), 2 survivors (4096K)
 Metaspace       used 34355K, committed 34688K, reserved 1114112K
  class space    used 4762K, committed 4928K, reserved 1048576K
GC Heap History (20 events):
Event: 3.491 GC heap before
{Heap before GC invocations=11 (full 0):
 garbage-first heap   total 88064K, used 68740K [0x0000000703600000, 0x0000000800000000)
  region size 2048K, 25 young (51200K), 1 survivors (2048K)
 Metaspace       used 27799K, committed 28096K, reserved 1114112K
  class space    used 3816K, committed 3968K, reserved 1048576K
}
Event: 3.493 GC heap after
{Heap after GC invocations=12 (full 0):
 garbage-first heap   total 88064K, used 19827K [0x0000000703600000, 0x0000000800000000)
  region size 2048K, 1 young (2048K), 1 survivors (2048K)
 Metaspace       used 27799K, committed 28096K, reserved 1114112K
  class space    used 3816K, committed 3968K, reserved 1048576K
}
Event: 3.673 GC heap before
{Heap before GC invocations=12 (full 0):
 garbage-first heap   total 88064K, used 68979K [0x0000000703600000, 0x0000000800000000)
  region size 2048K, 25 young (51200K), 1 survivors (2048K)
 Metaspace       used 28273K, committed 28608K, reserved 1114112K
  class space    used 3892K, committed 4032K, reserved 1048576K
}
Event: 3.675 GC heap after
{Heap after GC invocations=13 (full 0):
 garbage-first heap   total 88064K, used 20070K [0x0000000703600000, 0x0000000800000000)
  region size 2048K, 1 young (2048K), 1 survivors (2048K)
 Metaspace       used 28273K, committed 28608K, reserved 1114112K
  class space    used 3892K, committed 4032K, reserved 1048576K
}
Event: 4.714 GC heap before
{Heap before GC invocations=13 (full 0):
 garbage-first heap   total 88064K, used 69222K [0x0000000703600000, 0x0000000800000000)
  region size 2048K, 25 young (51200K), 1 survivors (2048K)
 Metaspace       used 29016K, committed 29312K, reserved 1114112K
  class space    used 3993K, committed 4096K, reserved 1048576K
}
Event: 4.716 GC heap after
{Heap after GC invocations=14 (full 0):
 garbage-first heap   total 88064K, used 20411K [0x0000000703600000, 0x0000000800000000)
  region size 2048K, 1 young (2048K), 1 survivors (2048K)
 Metaspace       used 29016K, committed 29312K, reserved 1114112K
  class space    used 3993K, committed 4096K, reserved 1048576K
}
Event: 4.988 GC heap before
{Heap before GC invocations=14 (full 0):
 garbage-first heap   total 88064K, used 69563K [0x0000000703600000, 0x0000000800000000)
  region size 2048K, 25 young (51200K), 1 survivors (2048K)
 Metaspace       used 29933K, committed 30208K, reserved 1114112K
  class space    used 4133K, committed 4288K, reserved 1048576K
}
Event: 4.990 GC heap after
{Heap after GC invocations=15 (full 0):
 garbage-first heap   total 88064K, used 20622K [0x0000000703600000, 0x0000000800000000)
  region size 2048K, 1 young (2048K), 1 survivors (2048K)
 Metaspace       used 29933K, committed 30208K, reserved 1114112K
  class space    used 4133K, committed 4288K, reserved 1048576K
}
Event: 5.295 GC heap before
{Heap before GC invocations=15 (full 0):
 garbage-first heap   total 88064K, used 69774K [0x0000000703600000, 0x0000000800000000)
  region size 2048K, 25 young (51200K), 1 survivors (2048K)
 Metaspace       used 30851K, committed 31104K, reserved 1114112K
  class space    used 4264K, committed 4416K, reserved 1048576K
}
Event: 5.298 GC heap after
{Heap after GC invocations=16 (full 0):
 garbage-first heap   total 88064K, used 21115K [0x0000000703600000, 0x0000000800000000)
  region size 2048K, 2 young (4096K), 2 survivors (4096K)
 Metaspace       used 30851K, committed 31104K, reserved 1114112K
  class space    used 4264K, committed 4416K, reserved 1048576K
}
Event: 5.505 GC heap before
{Heap before GC invocations=16 (full 0):
 garbage-first heap   total 88064K, used 68219K [0x0000000703600000, 0x0000000800000000)
  region size 2048K, 25 young (51200K), 2 survivors (4096K)
 Metaspace       used 32466K, committed 32768K, reserved 1114112K
  class space    used 4467K, committed 4608K, reserved 1048576K
}
Event: 5.507 GC heap after
{Heap after GC invocations=17 (full 0):
 garbage-first heap   total 88064K, used 21316K [0x0000000703600000, 0x0000000800000000)
  region size 2048K, 2 young (4096K), 2 survivors (4096K)
 Metaspace       used 32466K, committed 32768K, reserved 1114112K
  class space    used 4467K, committed 4608K, reserved 1048576K
}
Event: 5.832 GC heap before
{Heap before GC invocations=17 (full 0):
 garbage-first heap   total 88064K, used 68420K [0x0000000703600000, 0x0000000800000000)
  region size 2048K, 25 young (51200K), 2 survivors (4096K)
 Metaspace       used 33078K, committed 33408K, reserved 1114112K
  class space    used 4572K, committed 4736K, reserved 1048576K
}
Event: 5.836 GC heap after
{Heap after GC invocations=18 (full 0):
 garbage-first heap   total 88064K, used 21603K [0x0000000703600000, 0x0000000800000000)
  region size 2048K, 2 young (4096K), 2 survivors (4096K)
 Metaspace       used 33078K, committed 33408K, reserved 1114112K
  class space    used 4572K, committed 4736K, reserved 1048576K
}
Event: 6.433 GC heap before
{Heap before GC invocations=18 (full 0):
 garbage-first heap   total 88064K, used 68707K [0x0000000703600000, 0x0000000800000000)
  region size 2048K, 25 young (51200K), 2 survivors (4096K)
 Metaspace       used 33362K, committed 33728K, reserved 1114112K
  class space    used 4616K, committed 4800K, reserved 1048576K
}
Event: 6.437 GC heap after
{Heap after GC invocations=19 (full 0):
 garbage-first heap   total 88064K, used 21803K [0x0000000703600000, 0x0000000800000000)
  region size 2048K, 2 young (4096K), 2 survivors (4096K)
 Metaspace       used 33362K, committed 33728K, reserved 1114112K
  class space    used 4616K, committed 4800K, reserved 1048576K
}
Event: 6.633 GC heap before
{Heap before GC invocations=19 (full 0):
 garbage-first heap   total 88064K, used 68907K [0x0000000703600000, 0x0000000800000000)
  region size 2048K, 25 young (51200K), 2 survivors (4096K)
 Metaspace       used 33911K, committed 34240K, reserved 1114112K
  class space    used 4693K, committed 4864K, reserved 1048576K
}
Event: 6.637 GC heap after
{Heap after GC invocations=20 (full 0):
 garbage-first heap   total 88064K, used 21862K [0x0000000703600000, 0x0000000800000000)
  region size 2048K, 2 young (4096K), 2 survivors (4096K)
 Metaspace       used 33911K, committed 34240K, reserved 1114112K
  class space    used 4693K, committed 4864K, reserved 1048576K
}
Event: 6.800 GC heap before
{Heap before GC invocations=20 (full 0):
 garbage-first heap   total 88064K, used 68966K [0x0000000703600000, 0x0000000800000000)
  region size 2048K, 25 young (51200K), 2 survivors (4096K)
 Metaspace       used 34296K, committed 34624K, reserved 1114112K
  class space    used 4746K, committed 4928K, reserved 1048576K
}
Event: 6.803 GC heap after
{Heap after GC invocations=21 (full 0):
 garbage-first heap   total 88064K, used 21975K [0x0000000703600000, 0x0000000800000000)
  region size 2048K, 2 young (4096K), 2 survivors (4096K)
 Metaspace       used 34296K, committed 34624K, reserved 1114112K
  class space    used 4746K, committed 4928K, reserved 1048576K
}

