# JRE version: OpenJDK Runtime Environment Microsoft-11369865 (17.0.15+6) (build 17.0.15+6-LTS)
# Java VM: OpenJDK 64-Bit Server VM Microsoft-11369865 (17.0.15+6-LTS, mixed mode, sharing, tiered, compressed oops, compressed class ptrs, g1 gc, windows-amd64)
GC Precious Log:
 CPUs: 16 total, 16 available
 Memory: 16165M
 Large Page Support: Disabled
 NUMA Support: Disabled
 Compressed Oops: Enabled (Zero based)
 Heap Region Size: 2M
 Heap Min Capacity: 8M
 Heap Initial Capacity: 254M
 Heap Max Capacity: 4042M
 Pre-touch: Disabled
 Parallel Workers: 13
 Concurrent Workers: 3
 Concurrent Refinement Workers: 13
 Periodic GC: Disabled
Heap:
 garbage-first heap   total 116736K, used 22904K [0x0000000703600000, 0x0000000800000000)
  region size 2048K, 2 young (4096K), 2 survivors (4096K)
 Metaspace       used 41639K, committed 41984K, reserved 1114112K
  class space    used 5583K, committed 5760K, reserved 1048576K
GC Heap History (20 events):
Event: 5.077 GC heap after
{Heap after GC invocations=18 (full 0):
 garbage-first heap   total 176128K, used 21561K [0x0000000703600000, 0x0000000800000000)
  region size 2048K, 3 young (6144K), 3 survivors (6144K)
 Metaspace       used 35022K, committed 35328K, reserved 1114112K
  class space    used 4851K, committed 4992K, reserved 1048576K
}
Event: 5.302 GC heap before
{Heap before GC invocations=18 (full 0):
 garbage-first heap   total 176128K, used 107577K [0x0000000703600000, 0x0000000800000000)
  region size 2048K, 46 young (94208K), 3 survivors (6144K)
 Metaspace       used 35867K, committed 36160K, reserved 1114112K
  class space    used 4974K, committed 5120K, reserved 1048576K
}
Event: 5.307 GC heap after
{Heap after GC invocations=19 (full 0):
 garbage-first heap   total 176128K, used 22104K [0x0000000703600000, 0x0000000800000000)
  region size 2048K, 3 young (6144K), 3 survivors (6144K)
 Metaspace       used 35867K, committed 36160K, reserved 1114112K
  class space    used 4974K, committed 5120K, reserved 1048576K
}
Event: 5.617 GC heap before
{Heap before GC invocations=20 (full 0):
 garbage-first heap   total 96256K, used 87640K [0x0000000703600000, 0x0000000800000000)
  region size 2048K, 35 young (71680K), 3 survivors (6144K)
 Metaspace       used 36761K, committed 37056K, reserved 1114112K
  class space    used 5050K, committed 5184K, reserved 1048576K
}
Event: 5.621 GC heap after
{Heap after GC invocations=21 (full 0):
 garbage-first heap   total 96256K, used 22123K [0x0000000703600000, 0x0000000800000000)
  region size 2048K, 3 young (6144K), 3 survivors (6144K)
 Metaspace       used 36761K, committed 37056K, reserved 1114112K
  class space    used 5050K, committed 5184K, reserved 1048576K
}
Event: 5.625 GC heap before
{Heap before GC invocations=21 (full 0):
 garbage-first heap   total 96256K, used 24171K [0x0000000703600000, 0x0000000800000000)
  region size 2048K, 4 young (8192K), 3 survivors (6144K)
 Metaspace       used 36765K, committed 37056K, reserved 1114112K
  class space    used 5051K, committed 5184K, reserved 1048576K
}
Event: 5.629 GC heap after
{Heap after GC invocations=22 (full 0):
 garbage-first heap   total 116736K, used 22521K [0x0000000703600000, 0x0000000800000000)
  region size 2048K, 1 young (2048K), 1 survivors (2048K)
 Metaspace       used 36765K, committed 37056K, reserved 1114112K
  class space    used 5051K, committed 5184K, reserved 1048576K
}
Event: 5.812 GC heap before
{Heap before GC invocations=22 (full 0):
 garbage-first heap   total 116736K, used 90105K [0x0000000703600000, 0x0000000800000000)
  region size 2048K, 34 young (69632K), 1 survivors (2048K)
 Metaspace       used 37816K, committed 38144K, reserved 1114112K
  class space    used 5144K, committed 5312K, reserved 1048576K
}
Event: 5.814 GC heap after
{Heap after GC invocations=23 (full 0):
 garbage-first heap   total 116736K, used 22276K [0x0000000703600000, 0x0000000800000000)
  region size 2048K, 1 young (2048K), 1 survivors (2048K)
 Metaspace       used 37816K, committed 38144K, reserved 1114112K
  class space    used 5144K, committed 5312K, reserved 1048576K
}
Event: 5.998 GC heap before
{Heap before GC invocations=23 (full 0):
 garbage-first heap   total 116736K, used 89860K [0x0000000703600000, 0x0000000800000000)
  region size 2048K, 34 young (69632K), 1 survivors (2048K)
 Metaspace       used 38757K, committed 39040K, reserved 1114112K
  class space    used 5226K, committed 5376K, reserved 1048576K
}
Event: 5.999 GC heap after
{Heap after GC invocations=24 (full 0):
 garbage-first heap   total 116736K, used 22260K [0x0000000703600000, 0x0000000800000000)
  region size 2048K, 1 young (2048K), 1 survivors (2048K)
 Metaspace       used 38757K, committed 39040K, reserved 1114112K
  class space    used 5226K, committed 5376K, reserved 1048576K
}
Event: 6.234 GC heap before
{Heap before GC invocations=24 (full 0):
 garbage-first heap   total 116736K, used 89844K [0x0000000703600000, 0x0000000800000000)
  region size 2048K, 34 young (69632K), 1 survivors (2048K)
 Metaspace       used 39518K, committed 39872K, reserved 1114112K
  class space    used 5314K, committed 5504K, reserved 1048576K
}
Event: 6.235 GC heap after
{Heap after GC invocations=25 (full 0):
 garbage-first heap   total 116736K, used 22142K [0x0000000703600000, 0x0000000800000000)
  region size 2048K, 1 young (2048K), 1 survivors (2048K)
 Metaspace       used 39518K, committed 39872K, reserved 1114112K
  class space    used 5314K, committed 5504K, reserved 1048576K
}
Event: 6.385 GC heap before
{Heap before GC invocations=25 (full 0):
 garbage-first heap   total 116736K, used 89726K [0x0000000703600000, 0x0000000800000000)
  region size 2048K, 34 young (69632K), 1 survivors (2048K)
 Metaspace       used 39974K, committed 40256K, reserved 1114112K
  class space    used 5368K, committed 5504K, reserved 1048576K
}
Event: 6.386 GC heap after
{Heap after GC invocations=26 (full 0):
 garbage-first heap   total 116736K, used 22133K [0x0000000703600000, 0x0000000800000000)
  region size 2048K, 1 young (2048K), 1 survivors (2048K)
 Metaspace       used 39974K, committed 40256K, reserved 1114112K
  class space    used 5368K, committed 5504K, reserved 1048576K
}
Event: 6.549 GC heap before
{Heap before GC invocations=26 (full 0):
 garbage-first heap   total 116736K, used 89717K [0x0000000703600000, 0x0000000800000000)
  region size 2048K, 34 young (69632K), 1 survivors (2048K)
 Metaspace       used 40279K, committed 40576K, reserved 1114112K
  class space    used 5406K, committed 5568K, reserved 1048576K
}
Event: 6.551 GC heap after
{Heap after GC invocations=27 (full 0):
 garbage-first heap   total 116736K, used 22337K [0x0000000703600000, 0x0000000800000000)
  region size 2048K, 1 young (2048K), 1 survivors (2048K)
 Metaspace       used 40279K, committed 40576K, reserved 1114112K
  class space    used 5406K, committed 5568K, reserved 1048576K
}
Event: 6.762 GC heap before
{Heap before GC invocations=27 (full 0):
 garbage-first heap   total 116736K, used 89921K [0x0000000703600000, 0x0000000800000000)
  region size 2048K, 34 young (69632K), 1 survivors (2048K)
 Metaspace       used 40893K, committed 41216K, reserved 1114112K
  class space    used 5485K, committed 5632K, reserved 1048576K
}
Event: 6.783 GC heap after
{Heap after GC invocations=28 (full 0):
 garbage-first heap   total 116736K, used 22421K [0x0000000703600000, 0x0000000800000000)
  region size 2048K, 1 young (2048K), 1 survivors (2048K)
 Metaspace       used 40893K, committed 41216K, reserved 1114112K
  class space    used 5485K, committed 5632K, reserved 1048576K
}
Event: 6.963 GC heap before
{Heap before GC invocations=28 (full 0):
 garbage-first heap   total 116736K, used 90005K [0x0000000703600000, 0x0000000800000000)
  region size 2048K, 34 young (69632K), 1 survivors (2048K)
 Metaspace       used 41639K, committed 41984K, reserved 1114112K
  class space    used 5583K, committed 5760K, reserved 1048576K
}

