# JRE version: OpenJDK Runtime Environment Microsoft-11369865 (17.0.15+6) (build 17.0.15+6-LTS)
# Java VM: OpenJDK 64-Bit Server VM Microsoft-11369865 (17.0.15+6-LTS, mixed mode, sharing, tiered, compressed oops, compressed class ptrs, g1 gc, windows-amd64)
GC Precious Log:
 CPUs: 16 total, 16 available
 Memory: 16165M
 Large Page Support: Disabled
 NUMA Support: Disabled
 Compressed Oops: Enabled (32-bit)
 Heap Region Size: 1M
 Heap Min Capacity: 128M
 Heap Initial Capacity: 128M
 Heap Max Capacity: 256M
 Pre-touch: Disabled
 Parallel Workers: 13
 Concurrent Workers: 3
 Concurrent Refinement Workers: 13
 Periodic GC: Disabled
Heap:
 garbage-first heap   total 131072K, used 81175K [0x00000000f0000000, 0x0000000100000000)
  region size 1024K, 65 young (66560K), 3 survivors (3072K)
 Metaspace       used 26289K, committed 26560K, reserved 1114112K
  class space    used 3613K, committed 3776K, reserved 1048576K
GC Heap History (16 events):
Event: 0.319 GC heap before
{Heap before GC invocations=0 (full 0):
 garbage-first heap   total 131072K, used 25600K [0x00000000f0000000, 0x0000000100000000)
  region size 1024K, 23 young (23552K), 0 survivors (0K)
 Metaspace       used 2851K, committed 2944K, reserved 1114112K
  class space    used 383K, committed 448K, reserved 1048576K
}
Event: 0.322 GC heap after
{Heap after GC invocations=1 (full 0):
 garbage-first heap   total 131072K, used 5817K [0x00000000f0000000, 0x0000000100000000)
  region size 1024K, 3 young (3072K), 3 survivors (3072K)
 Metaspace       used 2851K, committed 2944K, reserved 1114112K
  class space    used 383K, committed 448K, reserved 1048576K
}
Event: 0.647 GC heap before
{Heap before GC invocations=1 (full 0):
 garbage-first heap   total 131072K, used 36537K [0x00000000f0000000, 0x0000000100000000)
  region size 1024K, 33 young (33792K), 3 survivors (3072K)
 Metaspace       used 8529K, committed 8704K, reserved 1114112K
  class space    used 1387K, committed 1472K, reserved 1048576K
}
Event: 0.650 GC heap after
{Heap after GC invocations=2 (full 0):
 garbage-first heap   total 131072K, used 7618K [0x00000000f0000000, 0x0000000100000000)
  region size 1024K, 2 young (2048K), 2 survivors (2048K)
 Metaspace       used 8529K, committed 8704K, reserved 1114112K
  class space    used 1387K, committed 1472K, reserved 1048576K
}
Event: 0.801 GC heap before
{Heap before GC invocations=2 (full 0):
 garbage-first heap   total 131072K, used 83394K [0x00000000f0000000, 0x0000000100000000)
  region size 1024K, 76 young (77824K), 2 survivors (2048K)
 Metaspace       used 9729K, committed 9984K, reserved 1114112K
  class space    used 1544K, committed 1664K, reserved 1048576K
}
Event: 0.805 GC heap after
{Heap after GC invocations=3 (full 0):
 garbage-first heap   total 131072K, used 11326K [0x00000000f0000000, 0x0000000100000000)
  region size 1024K, 6 young (6144K), 6 survivors (6144K)
 Metaspace       used 9729K, committed 9984K, reserved 1114112K
  class space    used 1544K, committed 1664K, reserved 1048576K
}
Event: 1.193 GC heap before
{Heap before GC invocations=3 (full 0):
 garbage-first heap   total 131072K, used 83006K [0x00000000f0000000, 0x0000000100000000)
  region size 1024K, 76 young (77824K), 6 survivors (6144K)
 Metaspace       used 14739K, committed 14976K, reserved 1114112K
  class space    used 2139K, committed 2240K, reserved 1048576K
}
Event: 1.196 GC heap after
{Heap after GC invocations=4 (full 0):
 garbage-first heap   total 131072K, used 12277K [0x00000000f0000000, 0x0000000100000000)
  region size 1024K, 5 young (5120K), 5 survivors (5120K)
 Metaspace       used 14739K, committed 14976K, reserved 1114112K
  class space    used 2139K, committed 2240K, reserved 1048576K
}
Event: 1.423 GC heap before
{Heap before GC invocations=4 (full 0):
 garbage-first heap   total 131072K, used 86005K [0x00000000f0000000, 0x0000000100000000)
  region size 1024K, 76 young (77824K), 5 survivors (5120K)
 Metaspace       used 18787K, committed 19008K, reserved 1114112K
  class space    used 2657K, committed 2752K, reserved 1048576K
}
Event: 1.427 GC heap after
{Heap after GC invocations=5 (full 0):
 garbage-first heap   total 131072K, used 16524K [0x00000000f0000000, 0x0000000100000000)
  region size 1024K, 9 young (9216K), 9 survivors (9216K)
 Metaspace       used 18787K, committed 19008K, reserved 1114112K
  class space    used 2657K, committed 2752K, reserved 1048576K
}
Event: 1.574 GC heap before
{Heap before GC invocations=5 (full 0):
 garbage-first heap   total 131072K, used 85132K [0x00000000f0000000, 0x0000000100000000)
  region size 1024K, 76 young (77824K), 9 survivors (9216K)
 Metaspace       used 20975K, committed 21248K, reserved 1114112K
  class space    used 2922K, committed 3008K, reserved 1048576K
}
Event: 1.577 GC heap after
{Heap after GC invocations=6 (full 0):
 garbage-first heap   total 131072K, used 18048K [0x00000000f0000000, 0x0000000100000000)
  region size 1024K, 7 young (7168K), 7 survivors (7168K)
 Metaspace       used 20975K, committed 21248K, reserved 1114112K
  class space    used 2922K, committed 3008K, reserved 1048576K
}
Event: 1.598 GC heap before
{Heap before GC invocations=6 (full 0):
 garbage-first heap   total 131072K, used 24192K [0x00000000f0000000, 0x0000000100000000)
  region size 1024K, 14 young (14336K), 7 survivors (7168K)
 Metaspace       used 21296K, committed 21504K, reserved 1114112K
  class space    used 2964K, committed 3072K, reserved 1048576K
}
Event: 1.601 GC heap after
{Heap after GC invocations=7 (full 0):
 garbage-first heap   total 131072K, used 18578K [0x00000000f0000000, 0x0000000100000000)
  region size 1024K, 2 young (2048K), 2 survivors (2048K)
 Metaspace       used 21296K, committed 21504K, reserved 1114112K
  class space    used 2964K, committed 3072K, reserved 1048576K
}
Event: 1.743 GC heap before
{Heap before GC invocations=8 (full 0):
 garbage-first heap   total 131072K, used 94354K [0x00000000f0000000, 0x0000000100000000)
  region size 1024K, 76 young (77824K), 2 survivors (2048K)
 Metaspace       used 24073K, committed 24320K, reserved 1114112K
  class space    used 3317K, committed 3456K, reserved 1048576K
}
Event: 1.745 GC heap after
{Heap after GC invocations=9 (full 0):
 garbage-first heap   total 131072K, used 18711K [0x00000000f0000000, 0x0000000100000000)
  region size 1024K, 3 young (3072K), 3 survivors (3072K)
 Metaspace       used 24073K, committed 24320K, reserved 1114112K
  class space    used 3317K, committed 3456K, reserved 1048576K
}

