# JRE version: OpenJDK Runtime Environment Microsoft-11369865 (17.0.15+6) (build 17.0.15+6-LTS)
# Java VM: OpenJDK 64-Bit Server VM Microsoft-11369865 (17.0.15+6-LTS, mixed mode, sharing, tiered, compressed oops, compressed class ptrs, g1 gc, windows-amd64)
GC Precious Log:
 CPUs: 16 total, 16 available
 Memory: 16165M
 Large Page Support: Disabled
 NUMA Support: Disabled
 Compressed Oops: Enabled (32-bit)
 Heap Region Size: 1M
 Heap Min Capacity: 128M
 Heap Initial Capacity: 128M
 Heap Max Capacity: 256M
 Pre-touch: Disabled
 Parallel Workers: 13
 Concurrent Workers: 3
 Concurrent Refinement Workers: 13
 Periodic GC: Disabled
Heap:
 garbage-first heap   total 131072K, used 65848K [0x00000000f0000000, 0x0000000100000000)
  region size 1024K, 50 young (51200K), 5 survivors (5120K)
 Metaspace       used 32770K, committed 33088K, reserved 1114112K
  class space    used 4533K, committed 4672K, reserved 1048576K
GC Heap History (20 events):
Event: 1.230 GC heap before
{Heap before GC invocations=3 (full 0):
 garbage-first heap   total 131072K, used 83050K [0x00000000f0000000, 0x0000000100000000)
  region size 1024K, 76 young (77824K), 6 survivors (6144K)
 Metaspace       used 14744K, committed 14976K, reserved 1114112K
  class space    used 2142K, committed 2240K, reserved 1048576K
}
Event: 1.233 GC heap after
{Heap after GC invocations=4 (full 0):
 garbage-first heap   total 131072K, used 12336K [0x00000000f0000000, 0x0000000100000000)
  region size 1024K, 5 young (5120K), 5 survivors (5120K)
 Metaspace       used 14744K, committed 14976K, reserved 1114112K
  class space    used 2142K, committed 2240K, reserved 1048576K
}
Event: 1.456 GC heap before
{Heap before GC invocations=4 (full 0):
 garbage-first heap   total 131072K, used 86064K [0x00000000f0000000, 0x0000000100000000)
  region size 1024K, 76 young (77824K), 5 survivors (5120K)
 Metaspace       used 18501K, committed 18752K, reserved 1114112K
  class space    used 2618K, committed 2752K, reserved 1048576K
}
Event: 1.460 GC heap after
{Heap after GC invocations=5 (full 0):
 garbage-first heap   total 131072K, used 16460K [0x00000000f0000000, 0x0000000100000000)
  region size 1024K, 9 young (9216K), 9 survivors (9216K)
 Metaspace       used 18501K, committed 18752K, reserved 1114112K
  class space    used 2618K, committed 2752K, reserved 1048576K
}
Event: 1.594 GC heap before
{Heap before GC invocations=5 (full 0):
 garbage-first heap   total 131072K, used 85068K [0x00000000f0000000, 0x0000000100000000)
  region size 1024K, 76 young (77824K), 9 survivors (9216K)
 Metaspace       used 20767K, committed 20992K, reserved 1114112K
  class space    used 2898K, committed 3008K, reserved 1048576K
}
Event: 1.598 GC heap after
{Heap after GC invocations=6 (full 0):
 garbage-first heap   total 131072K, used 17783K [0x00000000f0000000, 0x0000000100000000)
  region size 1024K, 7 young (7168K), 7 survivors (7168K)
 Metaspace       used 20767K, committed 20992K, reserved 1114112K
  class space    used 2898K, committed 3008K, reserved 1048576K
}
Event: 1.628 GC heap before
{Heap before GC invocations=6 (full 0):
 garbage-first heap   total 131072K, used 35191K [0x00000000f0000000, 0x0000000100000000)
  region size 1024K, 25 young (25600K), 7 survivors (7168K)
 Metaspace       used 21295K, committed 21504K, reserved 1114112K
  class space    used 2970K, committed 3072K, reserved 1048576K
}
Event: 1.630 GC heap after
{Heap after GC invocations=7 (full 0):
 garbage-first heap   total 131072K, used 17712K [0x00000000f0000000, 0x0000000100000000)
  region size 1024K, 6 young (6144K), 6 survivors (6144K)
 Metaspace       used 21295K, committed 21504K, reserved 1114112K
  class space    used 2970K, committed 3072K, reserved 1048576K
}
Event: 1.770 GC heap before
{Heap before GC invocations=8 (full 0):
 garbage-first heap   total 131072K, used 88368K [0x00000000f0000000, 0x0000000100000000)
  region size 1024K, 76 young (77824K), 6 survivors (6144K)
 Metaspace       used 24354K, committed 24576K, reserved 1114112K
  class space    used 3358K, committed 3456K, reserved 1048576K
}
Event: 1.772 GC heap after
{Heap after GC invocations=9 (full 0):
 garbage-first heap   total 131072K, used 18432K [0x00000000f0000000, 0x0000000100000000)
  region size 1024K, 6 young (6144K), 6 survivors (6144K)
 Metaspace       used 24354K, committed 24576K, reserved 1114112K
  class space    used 3358K, committed 3456K, reserved 1048576K
}
Event: 1.923 GC heap before
{Heap before GC invocations=9 (full 0):
 garbage-first heap   total 131072K, used 89088K [0x00000000f0000000, 0x0000000100000000)
  region size 1024K, 76 young (77824K), 6 survivors (6144K)
 Metaspace       used 26724K, committed 27008K, reserved 1114112K
  class space    used 3675K, committed 3840K, reserved 1048576K
}
Event: 1.926 GC heap after
{Heap after GC invocations=10 (full 0):
 garbage-first heap   total 131072K, used 19504K [0x00000000f0000000, 0x0000000100000000)
  region size 1024K, 4 young (4096K), 4 survivors (4096K)
 Metaspace       used 26724K, committed 27008K, reserved 1114112K
  class space    used 3675K, committed 3840K, reserved 1048576K
}
Event: 2.057 GC heap before
{Heap before GC invocations=10 (full 0):
 garbage-first heap   total 131072K, used 93232K [0x00000000f0000000, 0x0000000100000000)
  region size 1024K, 76 young (77824K), 4 survivors (4096K)
 Metaspace       used 27470K, committed 27776K, reserved 1114112K
  class space    used 3787K, committed 3904K, reserved 1048576K
}
Event: 2.058 GC heap after
{Heap after GC invocations=11 (full 0):
 garbage-first heap   total 131072K, used 19397K [0x00000000f0000000, 0x0000000100000000)
  region size 1024K, 4 young (4096K), 4 survivors (4096K)
 Metaspace       used 27470K, committed 27776K, reserved 1114112K
  class space    used 3787K, committed 3904K, reserved 1048576K
}
Event: 2.311 GC heap before
{Heap before GC invocations=11 (full 0):
 garbage-first heap   total 131072K, used 93125K [0x00000000f0000000, 0x0000000100000000)
  region size 1024K, 76 young (77824K), 4 survivors (4096K)
 Metaspace       used 28673K, committed 28928K, reserved 1114112K
  class space    used 3945K, committed 4032K, reserved 1048576K
}
Event: 2.313 GC heap after
{Heap after GC invocations=12 (full 0):
 garbage-first heap   total 131072K, used 19675K [0x00000000f0000000, 0x0000000100000000)
  region size 1024K, 4 young (4096K), 4 survivors (4096K)
 Metaspace       used 28673K, committed 28928K, reserved 1114112K
  class space    used 3945K, committed 4032K, reserved 1048576K
}
Event: 2.509 GC heap before
{Heap before GC invocations=12 (full 0):
 garbage-first heap   total 131072K, used 93403K [0x00000000f0000000, 0x0000000100000000)
  region size 1024K, 76 young (77824K), 4 survivors (4096K)
 Metaspace       used 30021K, committed 30336K, reserved 1114112K
  class space    used 4146K, committed 4288K, reserved 1048576K
}
Event: 2.511 GC heap after
{Heap after GC invocations=13 (full 0):
 garbage-first heap   total 131072K, used 20037K [0x00000000f0000000, 0x0000000100000000)
  region size 1024K, 4 young (4096K), 4 survivors (4096K)
 Metaspace       used 30021K, committed 30336K, reserved 1114112K
  class space    used 4146K, committed 4288K, reserved 1048576K
}
Event: 2.760 GC heap before
{Heap before GC invocations=13 (full 0):
 garbage-first heap   total 131072K, used 93765K [0x00000000f0000000, 0x0000000100000000)
  region size 1024K, 76 young (77824K), 4 survivors (4096K)
 Metaspace       used 32192K, committed 32512K, reserved 1114112K
  class space    used 4424K, committed 4544K, reserved 1048576K
}
Event: 2.763 GC heap after
{Heap after GC invocations=14 (full 0):
 garbage-first heap   total 131072K, used 20792K [0x00000000f0000000, 0x0000000100000000)
  region size 1024K, 5 young (5120K), 5 survivors (5120K)
 Metaspace       used 32192K, committed 32512K, reserved 1114112K
  class space    used 4424K, committed 4544K, reserved 1048576K
}

